--------------------------------- Version Log ----------------------------------
Version                                 Path
System Generator                        /opt/Xilinx/14.7/ISE_DS/ISE/sysgen
Matlab 8.0.0.783 (R2012b)               /opt/Matlab
ISE                                     /opt/Xilinx/14.7/ISE_DS/ISE
--------------------------------------------------------------------------------
Summary of Errors:
Error 0001: Undriven input port
     Block: 'casper_filter_simulation/dec_fir/fir_col1/fir_tap1/Mult0'
Error 0002: Undriven input port
     Block: 'casper_filter_simulation/dec_fir/fir_col1/fir_tap1/Mult1'
Error 0003: Undriven input port
     Block: 'casper_filter_simulation/dec_fir/fir_col1/fir_tap1/Register0'
Error 0004: Undriven input port
     Block: 'casper_filter_simulation/dec_fir/fir_col1/fir_tap1/Register1'
Error 0005: Undriven input port
     Block: 'casper_filter_simulation/dec_fir/fir_col1/fir_tap2/Mult0'
Error 0006: Undriven input port
     Block: 'casper_filter_simulation/dec_fir/fir_col1/fir_tap2/Mult1'
Error 0007: Undriven input port
     Block: 'casper_filter_simulation/dec_fir/fir_col1/fir_tap2/Register0'
Error 0008: Undriven input port
     Block: 'casper_filter_simulation/dec_fir/fir_col1/fir_tap2/Register1'
Error 0009: Undriven input port
     Block: 'casper_filter_simulation/dec_fir/fir_col1/fir_tap3/Mult0'
Error 0010: Undriven input port
     Block: 'casper_filter_simulation/dec_fir/fir_col1/fir_tap3/Mult1'
Error 0011: Undriven input port
     Block: 'casper_filter_simulation/dec_fir/fir_col1/fir_tap3/Register0'
Error 0012: Undriven input port
     Block: 'casper_filter_simulation/dec_fir/fir_col1/fir_tap3/Register1'
Error 0013: Undriven input port
     Block: 'casper_filter_simulation/dec_fir/fir_col1/fir_tap4/Mult0'
Error 0014: Undriven input port
     Block: 'casper_filter_simulation/dec_fir/fir_col1/fir_tap4/Mult1'
Error 0015: Undriven input port
     Block: 'casper_filter_simulation/dec_fir/fir_col1/fir_tap4/Register0'
Error 0016: Undriven input port
     Block: 'casper_filter_simulation/dec_fir/fir_col1/fir_tap4/Register1'
Error 0017: Undriven input port
     Block: 'casper_filter_simulation/Gateway Out2'
--------------------------------------------------------------------------------

Error 0001:

Reported by:
  'casper_filter_simulation/dec_fir/fir_col1/fir_tap1/Mult0'

Details:
The input ports on this block must be driven by other Xilinx blocks
--------------------------------------------------------------------------------

Error 0001:

Reported by:
  'casper_filter_simulation/dec_fir/fir_col1/fir_tap1/Mult1'

Details:
The input ports on this block must be driven by other Xilinx blocks
--------------------------------------------------------------------------------

Error 0001:

Reported by:
  'casper_filter_simulation/dec_fir/fir_col1/fir_tap1/Register0'

Details:
The input ports on this block must be driven by other Xilinx blocks
--------------------------------------------------------------------------------

Error 0001:

Reported by:
  'casper_filter_simulation/dec_fir/fir_col1/fir_tap1/Register1'

Details:
The input ports on this block must be driven by other Xilinx blocks
--------------------------------------------------------------------------------

Error 0001:

Reported by:
  'casper_filter_simulation/dec_fir/fir_col1/fir_tap2/Mult0'

Details:
The input ports on this block must be driven by other Xilinx blocks
--------------------------------------------------------------------------------

Error 0001:

Reported by:
  'casper_filter_simulation/dec_fir/fir_col1/fir_tap2/Mult1'

Details:
The input ports on this block must be driven by other Xilinx blocks
--------------------------------------------------------------------------------

Error 0001:

Reported by:
  'casper_filter_simulation/dec_fir/fir_col1/fir_tap2/Register0'

Details:
The input ports on this block must be driven by other Xilinx blocks
--------------------------------------------------------------------------------

Error 0001:

Reported by:
  'casper_filter_simulation/dec_fir/fir_col1/fir_tap2/Register1'

Details:
The input ports on this block must be driven by other Xilinx blocks
--------------------------------------------------------------------------------

Error 0001:

Reported by:
  'casper_filter_simulation/dec_fir/fir_col1/fir_tap3/Mult0'

Details:
The input ports on this block must be driven by other Xilinx blocks
--------------------------------------------------------------------------------

Error 0001:

Reported by:
  'casper_filter_simulation/dec_fir/fir_col1/fir_tap3/Mult1'

Details:
The input ports on this block must be driven by other Xilinx blocks
--------------------------------------------------------------------------------

Error 0001:

Reported by:
  'casper_filter_simulation/dec_fir/fir_col1/fir_tap3/Register0'

Details:
The input ports on this block must be driven by other Xilinx blocks
--------------------------------------------------------------------------------

Error 0001:

Reported by:
  'casper_filter_simulation/dec_fir/fir_col1/fir_tap3/Register1'

Details:
The input ports on this block must be driven by other Xilinx blocks
--------------------------------------------------------------------------------

Error 0001:

Reported by:
  'casper_filter_simulation/dec_fir/fir_col1/fir_tap4/Mult0'

Details:
The input ports on this block must be driven by other Xilinx blocks
--------------------------------------------------------------------------------

Error 0001:

Reported by:
  'casper_filter_simulation/dec_fir/fir_col1/fir_tap4/Mult1'

Details:
The input ports on this block must be driven by other Xilinx blocks
--------------------------------------------------------------------------------

Error 0001:

Reported by:
  'casper_filter_simulation/dec_fir/fir_col1/fir_tap4/Register0'

Details:
The input ports on this block must be driven by other Xilinx blocks
--------------------------------------------------------------------------------

Error 0001:

Reported by:
  'casper_filter_simulation/dec_fir/fir_col1/fir_tap4/Register1'

Details:
The input ports on this block must be driven by other Xilinx blocks
--------------------------------------------------------------------------------

Error 0001:

Reported by:
  'casper_filter_simulation/Gateway Out2'

Details:
The input ports on this block must be driven by other Xilinx blocks
--------------------------------------------------------------------------------
