--------------------------------- Version Log ----------------------------------
Version                                 Path
System Generator                        /opt/Xilinx/14.7/ISE_DS/ISE/sysgen
Matlab 8.0.0.783 (R2012b)               /opt/Matlab
ISE                                     /opt/Xilinx/14.7/ISE_DS/ISE
--------------------------------------------------------------------------------
Summary of Errors:
Error 0001: Undriven input port
     Block: 'complete_filter_simulation/c_to_ri/slice_im'
Error 0002: Undriven input port
     Block: 'complete_filter_simulation/c_to_ri/slice_re'
--------------------------------------------------------------------------------

Error 0001:

Reported by:
  'complete_filter_simulation/c_to_ri/slice_im'

Details:
The input ports on this block must be driven by other Xilinx blocks
--------------------------------------------------------------------------------

Error 0001:

Reported by:
  'complete_filter_simulation/c_to_ri/slice_re'

Details:
The input ports on this block must be driven by other Xilinx blocks
--------------------------------------------------------------------------------
