--------------------------------- Version Log ----------------------------------
Version                                 Path
System Generator                        /opt/Xilinx/14.7/ISE_DS/ISE/sysgen
Matlab 8.0.0.783 (R2012b)               /opt/Matlab
ISE                                     /opt/Xilinx/14.7/ISE_DS/ISE
--------------------------------------------------------------------------------
Summary of Errors:
Error 0001: Type assertion failed
     Block: 'window_design/pol2_window1_dout/assert_reg'
--------------------------------------------------------------------------------

Error 0001:

Reported by:
  'window_design/pol2_window1_dout/assert_reg'

Details:
The input type propagated to this block did not match the
specified type.
  Expected Type: Fix_32_0
  Actual Type: Fix_16_0

Error occurred during "Rate and Type Error Checking".

--------------------------------------------------------------------------------
