/home/heystek/heystek_thesis/thesis/window_design/XPS_ROACH2_base/implementation/system.ngc 1549496857
/home/heystek/heystek_thesis/thesis/window_design/XPS_ROACH2_base/implementation/system_epb_opb_bridge_inst_wrapper.ngc 1549496672
/home/heystek/heystek_thesis/thesis/window_design/XPS_ROACH2_base/implementation/system_window_design_adc_wrapper.ngc 1549496819
/home/heystek/heystek_thesis/thesis/window_design/XPS_ROACH2_base/implementation/system_infrastructure_inst_wrapper.ngc 1549496653
/home/heystek/heystek_thesis/thesis/window_design/XPS_ROACH2_base/implementation/system_epb_infrastructure_inst_wrapper.ngc 1549496679
/home/heystek/heystek_thesis/thesis/window_design/XPS_ROACH2_base/implementation/system_opb0_wrapper.ngc 1549496666
/home/heystek/heystek_thesis/thesis/window_design/XPS_ROACH2_base/implementation/system_window_design_xsg_core_config_wrapper.ngc 1549496811
/home/heystek/heystek_thesis/thesis/window_design/XPS_ROACH2_base/implementation/system_opb_adccontroller_0_wrapper.ngc 1549496646
/home/heystek/heystek_thesis/thesis/window_design/XPS_ROACH2_base/implementation/system_reset_block_inst_wrapper.ngc 1549496659
/home/heystek/heystek_thesis/thesis/window_design/XPS_ROACH2_base/implementation/system_sys_block_inst_wrapper.ngc 1549496685
/home/heystek/heystek_thesis/thesis/window_design/XPS_ROACH2_base/implementation/system_window_design_lo_0_shared_bram_ramif_wrapper.ngc 1549496706
/home/heystek/heystek_thesis/thesis/window_design/XPS_ROACH2_base/implementation/system_window_design_lo_1_shared_bram_ramif_wrapper.ngc 1549496724
/home/heystek/heystek_thesis/thesis/window_design/XPS_ROACH2_base/implementation/system_window_design_lo_2_shared_bram_ramif_wrapper.ngc 1549496742
/home/heystek/heystek_thesis/thesis/window_design/XPS_ROACH2_base/implementation/system_window_design_lo_3_shared_bram_ramif_wrapper.ngc 1549496761
/home/heystek/heystek_thesis/thesis/window_design/XPS_ROACH2_base/implementation/system_window_design_mixer_cnt_wrapper.ngc 1549496779
/home/heystek/heystek_thesis/thesis/window_design/XPS_ROACH2_base/implementation/system_window_design_pol1_window1_dout_wrapper.ngc 1549496785
/home/heystek/heystek_thesis/thesis/window_design/XPS_ROACH2_base/implementation/system_window_design_pol1_window1_sync_wrapper.ngc 1549496791
/home/heystek/heystek_thesis/thesis/window_design/XPS_ROACH2_base/implementation/system_window_design_pol2_window1_dout_wrapper.ngc 1549496797
/home/heystek/heystek_thesis/thesis/window_design/XPS_ROACH2_base/implementation/system_window_design_pol2_window1_sync_wrapper.ngc 1549496805
/home/heystek/heystek_thesis/thesis/window_design/XPS_ROACH2_base/implementation/system_window_design_lo_0_shared_bram_wrapper.ngc 1549496718
/home/heystek/heystek_thesis/thesis/window_design/XPS_ROACH2_base/implementation/system_window_design_lo_1_shared_bram_wrapper.ngc 1549496737
/home/heystek/heystek_thesis/thesis/window_design/XPS_ROACH2_base/implementation/system_window_design_lo_2_shared_bram_wrapper.ngc 1549496755
/home/heystek/heystek_thesis/thesis/window_design/XPS_ROACH2_base/implementation/system_window_design_lo_3_shared_bram_wrapper.ngc 1549496773
/home/heystek/heystek_thesis/thesis/window_design/XPS_ROACH2_base/implementation/system_window_design_lo_0_shared_bram_ramblk_wrapper.ngc 1549496712
/home/heystek/heystek_thesis/thesis/window_design/XPS_ROACH2_base/implementation/system_window_design_lo_1_shared_bram_ramblk_wrapper.ngc 1549496730
/home/heystek/heystek_thesis/thesis/window_design/XPS_ROACH2_base/implementation/system_window_design_lo_2_shared_bram_ramblk_wrapper.ngc 1549496749
/home/heystek/heystek_thesis/thesis/window_design/XPS_ROACH2_base/implementation/system_window_design_lo_3_shared_bram_ramblk_wrapper.ngc 1549496767
OK
